<?xml version="1.0" encoding="UTF-8"?>
<testsuites tests="57" failures="0" disabled="0" errors="0" time="0.017" timestamp="2026-04-10T17:25:25.357" name="AllTests">
  <testsuite name="AlertSystemTest" tests="5" failures="0" disabled="0" skipped="0" errors="0" time="0.001" timestamp="2026-04-10T17:25:25.358">
    <testcase name="DeliveryConfigurationsValidateRequiredFieldsAndReasonableLimits" file="C:\ShadowStrike\ShadowStrike\tests\unit\communication_unit\AlertSystem_Tests.cpp" line="36" status="run" result="completed" time="0." timestamp="2026-04-10T17:25:25.358" classname="AlertSystemTest" />
    <testcase name="SuppressionRuleExpiryCoversPermanentDerivedAndExplicitEndTimes" file="C:\ShadowStrike\ShadowStrike\tests\unit\communication_unit\AlertSystem_Tests.cpp" line="62" status="run" result="completed" time="0." timestamp="2026-04-10T17:25:25.358" classname="AlertSystemTest" />
    <testcase name="AlertConfigurationRejectsUnsafeRateLimitAndRetrySettings" file="C:\ShadowStrike\ShadowStrike\tests\unit\communication_unit\AlertSystem_Tests.cpp" line="83" status="run" result="completed" time="0." timestamp="2026-04-10T17:25:25.358" classname="AlertSystemTest" />
    <testcase name="AlertModelsSerializeEscalationDeliveryAndCorrelationData" file="C:\ShadowStrike\ShadowStrike\tests\unit\communication_unit\AlertSystem_Tests.cpp" line="99" status="run" result="completed" time="0." timestamp="2026-04-10T17:25:25.358" classname="AlertSystemTest" />
    <testcase name="AlertStatisticsResetProducesDeterministicSnapshotAndJson" file="C:\ShadowStrike\ShadowStrike\tests\unit\communication_unit\AlertSystem_Tests.cpp" line="160" status="run" result="completed" time="0." timestamp="2026-04-10T17:25:25.359" classname="AlertSystemTest" />
  </testsuite>
  <testsuite name="CommunicationProtocolTest" tests="20" failures="0" disabled="0" skipped="0" errors="0" time="0.004" timestamp="2026-04-10T17:25:25.359">
    <testcase name="MessageHeaderValidationAcceptsOnlyWireCompatibleHeaders" file="C:\ShadowStrike\ShadowStrike\tests\unit\communication_unit\CommunicationProtocol_Tests.cpp" line="82" status="run" result="completed" time="0." timestamp="2026-04-10T17:25:25.359" classname="CommunicationProtocolTest" />
    <testcase name="ParseFileScanRequestParsesFixedAndVariableFields" file="C:\ShadowStrike\ShadowStrike\tests\unit\communication_unit\CommunicationProtocol_Tests.cpp" line="110" status="run" result="completed" time="0." timestamp="2026-04-10T17:25:25.359" classname="CommunicationProtocolTest" />
    <testcase name="ParseFileScanRequestRejectsTruncatedVariableData" file="C:\ShadowStrike\ShadowStrike\tests\unit\communication_unit\CommunicationProtocol_Tests.cpp" line="161" status="run" result="completed" time="0." timestamp="2026-04-10T17:25:25.360" classname="CommunicationProtocolTest" />
    <testcase name="ParseFileScanRequestAcceptsHeaderOnlyBuffersWhenStringsAreEmpty" file="C:\ShadowStrike\ShadowStrike\tests\unit\communication_unit\CommunicationProtocol_Tests.cpp" line="172" status="run" result="completed" time="0." timestamp="2026-04-10T17:25:25.360" classname="CommunicationProtocolTest" />
    <testcase name="ParseProcessNotificationParsesImagePathAndCommandLine" file="C:\ShadowStrike\ShadowStrike\tests\unit\communication_unit\CommunicationProtocol_Tests.cpp" line="192" status="run" result="completed" time="0." timestamp="2026-04-10T17:25:25.360" classname="CommunicationProtocolTest" />
    <testcase name="ParseProcessNotificationRejectsShortBuffer" file="C:\ShadowStrike\ShadowStrike\tests\unit\communication_unit\CommunicationProtocol_Tests.cpp" line="232" status="run" result="completed" time="0." timestamp="2026-04-10T17:25:25.360" classname="CommunicationProtocolTest" />
    <testcase name="ParseProcessNotificationAcceptsHeaderOnlyBuffersWhenStringsAreEmpty" file="C:\ShadowStrike\ShadowStrike\tests\unit\communication_unit\CommunicationProtocol_Tests.cpp" line="237" status="run" result="completed" time="0." timestamp="2026-04-10T17:25:25.360" classname="CommunicationProtocolTest" />
    <testcase name="ParseRegistryNotificationParsesKeyNameAndValueBytes" file="C:\ShadowStrike\ShadowStrike\tests\unit\communication_unit\CommunicationProtocol_Tests.cpp" line="258" status="run" result="completed" time="0." timestamp="2026-04-10T17:25:25.361" classname="CommunicationProtocolTest" />
    <testcase name="ParseRegistryNotificationRejectsTruncatedValueData" file="C:\ShadowStrike\ShadowStrike\tests\unit\communication_unit\CommunicationProtocol_Tests.cpp" line="296" status="run" result="completed" time="0." timestamp="2026-04-10T17:25:25.361" classname="CommunicationProtocolTest" />
    <testcase name="ParseRegistryNotificationAcceptsHeaderOnlyBuffersWhenPayloadIsEmpty" file="C:\ShadowStrike\ShadowStrike\tests\unit\communication_unit\CommunicationProtocol_Tests.cpp" line="308" status="run" result="completed" time="0." timestamp="2026-04-10T17:25:25.361" classname="CommunicationProtocolTest" />
    <testcase name="SerializeVerdictReplyProducesWireCompatibleLayout" file="C:\ShadowStrike\ShadowStrike\tests\unit\communication_unit\CommunicationProtocol_Tests.cpp" line="329" status="run" result="completed" time="0." timestamp="2026-04-10T17:25:25.361" classname="CommunicationProtocolTest" />
    <testcase name="SerializeVerdictReplyOmitsVariablePayloadForEmptyThreatName" file="C:\ShadowStrike\ShadowStrike\tests\unit\communication_unit\CommunicationProtocol_Tests.cpp" line="360" status="run" result="completed" time="0." timestamp="2026-04-10T17:25:25.361" classname="CommunicationProtocolTest" />
    <testcase name="UserModeStructuresSerializeToJsonWithEscapedContent" file="C:\ShadowStrike\ShadowStrike\tests\unit\communication_unit\CommunicationProtocol_Tests.cpp" line="376" status="run" result="completed" time="0." timestamp="2026-04-10T17:25:25.362" classname="CommunicationProtocolTest" />
    <testcase name="CommunicationConfigSerializesAndEmptyJsonFallsBackToDefaults" file="C:\ShadowStrike\ShadowStrike\tests\unit\communication_unit\CommunicationProtocol_Tests.cpp" line="435" status="run" result="completed" time="0." timestamp="2026-04-10T17:25:25.362" classname="CommunicationProtocolTest" />
    <testcase name="MovedFromFilterConnectionRemainsSafelyInert" file="C:\ShadowStrike\ShadowStrike\tests\unit\communication_unit\CommunicationProtocol_Tests.cpp" line="465" status="run" result="completed" time="0." timestamp="2026-04-10T17:25:25.362" classname="CommunicationProtocolTest" />
    <testcase name="DispatchMessageRejectsEmptyAndTruncatedBuffersBeforeRouting" file="C:\ShadowStrike\ShadowStrike\tests\unit\communication_unit\CommunicationProtocol_Tests.cpp" line="481" status="run" result="completed" time="0." timestamp="2026-04-10T17:25:25.362" classname="CommunicationProtocolTest" />
    <testcase name="DispatchMessageTracksUnknownAndNotificationOnlyMessageTypes" file="C:\ShadowStrike\ShadowStrike\tests\unit\communication_unit\CommunicationProtocol_Tests.cpp" line="499" status="run" result="completed" time="0." timestamp="2026-04-10T17:25:25.362" classname="CommunicationProtocolTest" />
    <testcase name="DispatchHeartbeatOnDisconnectedConnectionRecordsReplyFailure" file="C:\ShadowStrike\ShadowStrike\tests\unit\communication_unit\CommunicationProtocol_Tests.cpp" line="517" status="run" result="completed" time="0." timestamp="2026-04-10T17:25:25.363" classname="CommunicationProtocolTest" />
    <testcase name="CommunicationStatisticsResetProducesCleanSnapshotAndJson" file="C:\ShadowStrike\ShadowStrike\tests\unit\communication_unit\CommunicationProtocol_Tests.cpp" line="531" status="run" result="completed" time="0." timestamp="2026-04-10T17:25:25.363" classname="CommunicationProtocolTest" />
    <testcase name="DispatchStatisticsSnapshotComputesAverageAndResetClearsCounters" file="C:\ShadowStrike\ShadowStrike\tests\unit\communication_unit\CommunicationProtocol_Tests.cpp" line="560" status="run" result="completed" time="0." timestamp="2026-04-10T17:25:25.363" classname="CommunicationProtocolTest" />
  </testsuite>
  <testsuite name="IPCManagerTest" tests="6" failures="0" disabled="0" skipped="0" errors="0" time="0.001" timestamp="2026-04-10T17:25:25.364">
    <testcase name="IPCConfigurationEnforcesProductionSafetyBounds" file="C:\ShadowStrike\ShadowStrike\tests\unit\communication_unit\IPCManager_Tests.cpp" line="42" status="run" result="completed" time="0." timestamp="2026-04-10T17:25:25.364" classname="IPCManagerTest" />
    <testcase name="IPCStatisticsResetAndSnapshotRemainConsistent" file="C:\ShadowStrike\ShadowStrike\tests\unit\communication_unit\IPCManager_Tests.cpp" line="80" status="run" result="completed" time="0." timestamp="2026-04-10T17:25:25.364" classname="IPCManagerTest" />
    <testcase name="ConnectionInfoToJsonIncludesConnectionMetadata" file="C:\ShadowStrike\ShadowStrike\tests\unit\communication_unit\IPCManager_Tests.cpp" line="110" status="run" result="completed" time="0." timestamp="2026-04-10T17:25:25.364" classname="IPCManagerTest" />
    <testcase name="ProcessNotifyRequestAccessorsHonorEmbeddedLengths" file="C:\ShadowStrike\ShadowStrike\tests\unit\communication_unit\IPCManager_Tests.cpp" line="128" status="run" result="completed" time="0." timestamp="2026-04-10T17:25:25.365" classname="IPCManagerTest" />
    <testcase name="ImageLoadRequestAccessorsExposeVariablePathPayload" file="C:\ShadowStrike\ShadowStrike\tests\unit\communication_unit\IPCManager_Tests.cpp" line="158" status="run" result="completed" time="0." timestamp="2026-04-10T17:25:25.365" classname="IPCManagerTest" />
    <testcase name="RegistryOpRequestAccessorsPreserveKeyValueAndBinaryData" file="C:\ShadowStrike\ShadowStrike\tests\unit\communication_unit\IPCManager_Tests.cpp" line="178" status="run" result="completed" time="0." timestamp="2026-04-10T17:25:25.365" classname="IPCManagerTest" />
  </testsuite>
  <testsuite name="NotificationManagerTest" tests="5" failures="0" disabled="0" skipped="0" errors="0" time="0.001" timestamp="2026-04-10T17:25:25.366">
    <testcase name="NotificationModelsSerializeImportantUserFacingFields" file="C:\ShadowStrike\ShadowStrike\tests\unit\communication_unit\NotificationManager_Tests.cpp" line="35" status="run" result="completed" time="0." timestamp="2026-04-10T17:25:25.366" classname="NotificationManagerTest" />
    <testcase name="NotificationPreferencesValidateVolumeAndConcurrencyBounds" file="C:\ShadowStrike\ShadowStrike\tests\unit\communication_unit\NotificationManager_Tests.cpp" line="85" status="run" result="completed" time="0." timestamp="2026-04-10T17:25:25.366" classname="NotificationManagerTest" />
    <testcase name="QuietHoursScheduleReturnsFalseForDisabledOrImpossibleSchedules" file="C:\ShadowStrike\ShadowStrike\tests\unit\communication_unit\NotificationManager_Tests.cpp" line="112" status="run" result="completed" time="0." timestamp="2026-04-10T17:25:25.366" classname="NotificationManagerTest" />
    <testcase name="NotificationConfigurationRejectsUnsafeRateLimitsAndTraversal" file="C:\ShadowStrike\ShadowStrike\tests\unit\communication_unit\NotificationManager_Tests.cpp" line="129" status="run" result="completed" time="0." timestamp="2026-04-10T17:25:25.366" classname="NotificationManagerTest" />
    <testcase name="NotificationStatisticsResetProducesAccurateSnapshotAndJson" file="C:\ShadowStrike\ShadowStrike\tests\unit\communication_unit\NotificationManager_Tests.cpp" line="170" status="run" result="completed" time="0." timestamp="2026-04-10T17:25:25.366" classname="NotificationManagerTest" />
  </testsuite>
  <testsuite name="ReportGeneratorTest" tests="6" failures="0" disabled="0" skipped="0" errors="0" time="0.001" timestamp="2026-04-10T17:25:25.367">
    <testcase name="TimeRangeValidationAndSerializationReflectRequestedWindow" file="C:\ShadowStrike\ShadowStrike\tests\unit\communication_unit\ReportGenerator_Tests.cpp" line="35" status="run" result="completed" time="0." timestamp="2026-04-10T17:25:25.367" classname="ReportGeneratorTest" />
    <testcase name="ReportSectionAndMetadataSerializeStructuredContent" file="C:\ShadowStrike\ShadowStrike\tests\unit\communication_unit\ReportGenerator_Tests.cpp" line="49" status="run" result="completed" time="0." timestamp="2026-04-10T17:25:25.367" classname="ReportGeneratorTest" />
    <testcase name="StatisticalReportStructuresSerializeAggregatesAndFindings" file="C:\ShadowStrike\ShadowStrike\tests\unit\communication_unit\ReportGenerator_Tests.cpp" line="84" status="run" result="completed" time="0." timestamp="2026-04-10T17:25:25.367" classname="ReportGeneratorTest" />
    <testcase name="ReportJobsTemplatesAndSchedulesSerializeLifecycleMetadata" file="C:\ShadowStrike\ShadowStrike\tests\unit\communication_unit\ReportGenerator_Tests.cpp" line="120" status="run" result="completed" time="0." timestamp="2026-04-10T17:25:25.368" classname="ReportGeneratorTest" />
    <testcase name="ReportConfigurationRejectsTraversalAndInvalidCapacitySettings" file="C:\ShadowStrike\ShadowStrike\tests\unit\communication_unit\ReportGenerator_Tests.cpp" line="161" status="run" result="completed" time="0." timestamp="2026-04-10T17:25:25.368" classname="ReportGeneratorTest" />
    <testcase name="ReportStatisticsResetProducesStableSnapshotAndJson" file="C:\ShadowStrike\ShadowStrike\tests\unit\communication_unit\ReportGenerator_Tests.cpp" line="188" status="run" result="completed" time="0." timestamp="2026-04-10T17:25:25.368" classname="ReportGeneratorTest" />
  </testsuite>
  <testsuite name="ServiceCommunicationTest" tests="5" failures="0" disabled="0" skipped="0" errors="0" time="0.001" timestamp="2026-04-10T17:25:25.368">
    <testcase name="ClientSessionMoveOperationsPreserveObservableState" file="C:\ShadowStrike\ShadowStrike\tests\unit\communication_unit\ServiceCommunication_Tests.cpp" line="35" status="run" result="completed" time="0." timestamp="2026-04-10T17:25:25.369" classname="ServiceCommunicationTest" />
    <testcase name="ClientSessionToJsonIncludesConnectionMetadata" file="C:\ShadowStrike\ShadowStrike\tests\unit\communication_unit\ServiceCommunication_Tests.cpp" line="63" status="run" result="completed" time="0." timestamp="2026-04-10T17:25:25.369" classname="ServiceCommunicationTest" />
    <testcase name="ServiceMessagePayloadHelpersRoundTripBinarySafeStrings" file="C:\ShadowStrike\ShadowStrike\tests\unit\communication_unit\ServiceCommunication_Tests.cpp" line="80" status="run" result="completed" time="0." timestamp="2026-04-10T17:25:25.369" classname="ServiceCommunicationTest" />
    <testcase name="ServiceCommunicationConfigurationRejectsUnsafeValues" file="C:\ShadowStrike\ShadowStrike\tests\unit\communication_unit\ServiceCommunication_Tests.cpp" line="95" status="run" result="completed" time="0." timestamp="2026-04-10T17:25:25.369" classname="ServiceCommunicationTest" />
    <testcase name="ServiceCommunicationStatisticsResetProducesCleanSnapshot" file="C:\ShadowStrike\ShadowStrike\tests\unit\communication_unit\ServiceCommunication_Tests.cpp" line="119" status="run" result="completed" time="0." timestamp="2026-04-10T17:25:25.370" classname="ServiceCommunicationTest" />
  </testsuite>
  <testsuite name="TelemetryCollectorTest" tests="7" failures="0" disabled="0" skipped="0" errors="0" time="0.003" timestamp="2026-04-10T17:25:25.370">
    <testcase name="ScrubPIIRedactsSensitiveFieldsWhilePreservingUsefulSignal" file="C:\ShadowStrike\ShadowStrike\tests\unit\communication_unit\TelemetryCollector_Tests.cpp" line="42" status="run" result="completed" time="0." timestamp="2026-04-10T17:25:25.370" classname="TelemetryCollectorTest" />
    <testcase name="ScrubPIILeavesBenignTelemetryUntouched" file="C:\ShadowStrike\ShadowStrike\tests\unit\communication_unit\TelemetryCollector_Tests.cpp" line="56" status="run" result="completed" time="0." timestamp="2026-04-10T17:25:25.371" classname="TelemetryCollectorTest" />
    <testcase name="HashSensitiveDataIsDeterministicSha256Hex" file="C:\ShadowStrike\ShadowStrike\tests\unit\communication_unit\TelemetryCollector_Tests.cpp" line="61" status="run" result="completed" time="0." timestamp="2026-04-10T17:25:25.372" classname="TelemetryCollectorTest" />
    <testcase name="TelemetryEventAndBatchSerializationExposeOperationalFields" file="C:\ShadowStrike\ShadowStrike\tests\unit\communication_unit\TelemetryCollector_Tests.cpp" line="72" status="run" result="completed" time="0." timestamp="2026-04-10T17:25:25.372" classname="TelemetryCollectorTest" />
    <testcase name="TelemetryPayloadStructuresSerializeRepresentativeData" file="C:\ShadowStrike\ShadowStrike\tests\unit\communication_unit\TelemetryCollector_Tests.cpp" line="109" status="run" result="completed" time="0." timestamp="2026-04-10T17:25:25.372" classname="TelemetryCollectorTest" />
    <testcase name="TelemetryConfigurationValidatesQueueAndEndpointSafetyLimits" file="C:\ShadowStrike\ShadowStrike\tests\unit\communication_unit\TelemetryCollector_Tests.cpp" line="159" status="run" result="completed" time="0." timestamp="2026-04-10T17:25:25.373" classname="TelemetryCollectorTest" />
    <testcase name="TelemetryStatisticsResetAndJsonSnapshotStayConsistent" file="C:\ShadowStrike\ShadowStrike\tests\unit\communication_unit\TelemetryCollector_Tests.cpp" line="199" status="run" result="completed" time="0." timestamp="2026-04-10T17:25:25.373" classname="TelemetryCollectorTest" />
  </testsuite>
  <testsuite name="ThreatIntelPusherTest" tests="3" failures="0" disabled="0" skipped="0" errors="0" time="0." timestamp="2026-04-10T17:25:25.373">
    <testcase name="ResultHelpersComputeAggregateStateCorrectly" file="C:\ShadowStrike\ShadowStrike\tests\unit\communication_unit\ThreatIntelPusher_Tests.cpp" line="27" status="run" result="completed" time="0." timestamp="2026-04-10T17:25:25.373" classname="ThreatIntelPusherTest" />
    <testcase name="EmptyPushesSucceedWithoutNeedingKernelConnectivity" file="C:\ShadowStrike\ShadowStrike\tests\unit\communication_unit\ThreatIntelPusher_Tests.cpp" line="65" status="run" result="completed" time="0." timestamp="2026-04-10T17:25:25.374" classname="ThreatIntelPusherTest" />
    <testcase name="DisconnectedConnectionFailsFastForNonEmptyHashPushes" file="C:\ShadowStrike\ShadowStrike\tests\unit\communication_unit\ThreatIntelPusher_Tests.cpp" line="86" status="run" result="completed" time="0." timestamp="2026-04-10T17:25:25.374" classname="ThreatIntelPusherTest" />
  </testsuite>
</testsuites>
